INFO	Start
ERROR	Duplicate units: 
ERROR	Duplicate units: 
ERROR	Duplicate units: 
ERROR	Duplicate units: 
ERROR	Duplicate units: 
ERROR	Duplicate units: 
ERROR	Duplicate units: 
ERROR	Duplicate units: 
ERROR	Duplicate units: 
ERROR	Duplicate units: 
ERROR	Duplicate units: 
ERROR	Duplicate units: 
ERROR	Duplicate units: 
ERROR	Duplicate units: 
ERROR	Duplicate units: 
ERROR	Duplicate units: 
ERROR	Duplicate units: 
ERROR	Duplicate units: 
ERROR	Duplicate units: 
ERROR	Duplicate units: 
ERROR	Duplicate units: 
ERROR	Duplicate units: 
ERROR	Duplicate units: 
ERROR	Duplicate units: 
ERROR	Duplicate units: 
ERROR	Duplicate units: 
ERROR	Duplicate units: 
ERROR	Duplicate units: 
ERROR	Duplicate units: 
ERROR	Duplicate units: 
ERROR	Duplicate units: 
ERROR	Duplicate units: 107
ERROR	Duplicate units: 402
ERROR	Duplicate units: 310
ERROR	Duplicate units: 301
ERROR	Duplicate units: 204
ERROR	Duplicate units: 207
ERROR	Duplicate units: 408
ERROR	Duplicate units: 412
ERROR	Duplicate units: 503
ERROR	Duplicate units: 511
ERROR	Duplicate units: 110
ERROR	Duplicate units: 302
ERROR	Duplicate units: 304
ERROR	Duplicate units: 305
ERROR	Duplicate units: 307
ERROR	Duplicate units: 312
ERROR	Duplicate units: 410
ERROR	Duplicate units: 501
ERROR	Duplicate units: 205
ERROR	Duplicate units: 206
ERROR	Duplicate units: 212
ERROR	Duplicate units: 308
ERROR	Duplicate units: 401
ERROR	Duplicate units: 411
ERROR	Duplicate units: 504
ERROR	Duplicate units: 508
ERROR	Duplicate units: 202
ERROR	Duplicate units: 303
ERROR	Duplicate units: 311
ERROR	Duplicate units: 404
ERROR	Duplicate units: 407
ERROR	Duplicate units: 502
ERROR	Duplicate units: 510
ERROR	Duplicate units: 109
ERROR	Duplicate units: 203
ERROR	Duplicate units: 208
ERROR	Duplicate units: 209
ERROR	Duplicate units: 210
ERROR	Duplicate units: 309
ERROR	Duplicate units: 403
ERROR	Duplicate units: 509
ERROR	Duplicate units: 512
ERROR	Duplicate units: 211
ERROR	Duplicate units: 405
ERROR	Duplicate units: 409
ERROR	Duplicate units: 505
ERROR	Duplicate units: 105
ERROR	Duplicate units: 108
ERROR	Duplicate units: 507
ERROR	Duplicate units: 
ERROR	Duplicate units: 
ERROR	Duplicate units: M
ERROR	Duplicate units: 
ERROR	Duplicate units: 
ERROR	Duplicate units: M
ERROR	Duplicate units: 
ERROR	Duplicate units: CLUB
ERROR	Duplicate units: 
ERROR	Duplicate units: M
ERROR	Duplicate units: 
ERROR	Duplicate units: 
ERROR	Duplicate units: M
ERROR	Duplicate units: 
ERROR	Duplicate units: M
ERROR	Duplicate units: 403
ERROR	Duplicate units: 412
ERROR	Duplicate units: 106
ERROR	Duplicate units: 203
ERROR	Duplicate units: 204
ERROR	Duplicate units: 205
ERROR	Duplicate units: 209
ERROR	Duplicate units: 311
ERROR	Duplicate units: 502
ERROR	Duplicate units: 504
ERROR	Duplicate units: 508
ERROR	Duplicate units: 509
ERROR	Duplicate units: 304
ERROR	Duplicate units: 309
ERROR	Duplicate units: 510
ERROR	Duplicate units: 512
ERROR	Duplicate units: 212
ERROR	Duplicate units: 301
ERROR	Duplicate units: 305
ERROR	Duplicate units: 308
ERROR	Duplicate units: 404
ERROR	Duplicate units: 408
ERROR	Duplicate units: 501
ERROR	Duplicate units: 303
ERROR	Duplicate units: 307
ERROR	Duplicate units: 310
ERROR	Duplicate units: 402
ERROR	Duplicate units: 406
ERROR	Duplicate units: 407
ERROR	Duplicate units: 507
ERROR	Duplicate units: 105
ERROR	Duplicate units: 110
ERROR	Duplicate units: 201
ERROR	Duplicate units: 411
ERROR	Duplicate units: 503
ERROR	Duplicate units: 505
ERROR	Duplicate units: 109
ERROR	Duplicate units: 202
ERROR	Duplicate units: 210
ERROR	Duplicate units: 312
ERROR	Duplicate units: 405
ERROR	Duplicate units: 409
ERROR	Duplicate units: 410
ERROR	Duplicate units: 506
ERROR	Duplicate units: 108
ERROR	Duplicate units: 206
ERROR	Duplicate units: 208
ERROR	Duplicate units: 107
ERROR	Duplicate units: 207
ERROR	Duplicate units: 211
ERROR	Duplicate units: 302
ERROR	Duplicate units: 306
ERROR	Duplicate units: 401
ERROR	Duplicate units: 101
ERROR	Duplicate units: 104
ERROR	Duplicate units: 202
ERROR	Duplicate units: 212
ERROR	Duplicate units: 301
ERROR	Duplicate units: 401
ERROR	Duplicate units: 504
ERROR	Duplicate units: 207
ERROR	Duplicate units: 307
ERROR	Duplicate units: 310
ERROR	Duplicate units: 404
ERROR	Duplicate units: 409
ERROR	Duplicate units: 410
ERROR	Duplicate units: 304
ERROR	Duplicate units: 408
ERROR	Duplicate units: 505
ERROR	Duplicate units: 
ERROR	Duplicate units: 103
ERROR	Duplicate units: 203
ERROR	Duplicate units: 208
ERROR	Duplicate units: 211
ERROR	Duplicate units: 302
ERROR	Duplicate units: 303
ERROR	Duplicate units: 305
ERROR	Duplicate units: 308
ERROR	Duplicate units: 511
ERROR	Duplicate units: 110
ERROR	Duplicate units: 311
ERROR	Duplicate units: 402
ERROR	Duplicate units: 503
ERROR	Duplicate units: 508
ERROR	Duplicate units: 512
ERROR	Duplicate units: 107
ERROR	Duplicate units: 108
ERROR	Duplicate units: 109
ERROR	Duplicate units: 206
ERROR	Duplicate units: 403
ERROR	Duplicate units: 407
ERROR	Duplicate units: 411
ERROR	Duplicate units: 501
ERROR	Duplicate units: 502
ERROR	Duplicate units: 111
ERROR	Duplicate units: 204
ERROR	Duplicate units: 210
ERROR	Duplicate units: 309
ERROR	Duplicate units: 312
ERROR	Duplicate units: 405
ERROR	Duplicate units: 102
ERROR	Duplicate units: 105
ERROR	Duplicate units: 201
ERROR	Duplicate units: 205
ERROR	Duplicate units: 209
ERROR	Duplicate units: 412
ERROR	Duplicate units: 507
ERROR	Duplicate units: 509
ERROR	Duplicate units: 510
ERROR	Duplicate units: 208
ERROR	Duplicate units: 512
ERROR	Duplicate units: 405
ERROR	Duplicate units: 408
ERROR	Duplicate units: 412
ERROR	Duplicate units: 502
ERROR	Duplicate units: 105
ERROR	Duplicate units: 108
ERROR	Duplicate units: 211
ERROR	Duplicate units: 303
ERROR	Duplicate units: 307
ERROR	Duplicate units: 504
ERROR	Duplicate units: 109
ERROR	Duplicate units: 110
ERROR	Duplicate units: 204
ERROR	Duplicate units: 210
ERROR	Duplicate units: 311
ERROR	Duplicate units: 404
ERROR	Duplicate units: 511
ERROR	Duplicate units: 203
ERROR	Duplicate units: 212
ERROR	Duplicate units: 300
ERROR	Duplicate units: 402
ERROR	Duplicate units: 407
ERROR	Duplicate units: 411
ERROR	Duplicate units: 506
ERROR	Duplicate units: 509
ERROR	Duplicate units: 202
ERROR	Duplicate units: 302
ERROR	Duplicate units: 309
ERROR	Duplicate units: 312
ERROR	Duplicate units: 406
ERROR	Duplicate units: 500
ERROR	Duplicate units: 507
ERROR	Duplicate units: 508
ERROR	Duplicate units: 209
ERROR	Duplicate units: 310
ERROR	Duplicate units: 501
ERROR	Duplicate units: 107
ERROR	Duplicate units: 207
ERROR	Duplicate units: 301
ERROR	Duplicate units: 400
ERROR	Duplicate units: 403
ERROR	Duplicate units: 503
ERROR	Duplicate units: 505
ERROR	Duplicate units: 510
ERROR	Duplicate units: 106
ERROR	Duplicate units: 200
ERROR	Duplicate units: 205
ERROR	Duplicate units: 206
ERROR	Duplicate units: 304
INFO	Found 33 units online
INFO	Found 336 units online
INFO	Done
